c:\users\dell\desktop\tendonrobot\tendonrobot\debug\tendonrobot.pch
c:\users\dell\desktop\tendonrobot\tendonrobot\debug\stdafx.obj
c:\users\dell\desktop\tendonrobot\tendonrobot\debug\vc100.pdb
c:\users\dell\desktop\tendonrobot\tendonrobot\debug\tendonrobot.obj
c:\users\dell\desktop\tendonrobot\tendonrobot\debug\tendonrobotdlg.obj
c:\users\dell\desktop\tendonrobot\tendonrobot\debug\robot.obj
c:\users\dell\desktop\机器人控制系统与程序技术文档\机器人控制程序源代码\tendonrobot\tendonrobot\debug\tendonrobot.pch
c:\users\dell\desktop\机器人控制系统与程序技术文档\机器人控制程序源代码\tendonrobot\tendonrobot\debug\stdafx.obj
c:\users\dell\desktop\机器人控制系统与程序技术文档\机器人控制程序源代码\tendonrobot\tendonrobot\debug\vc100.pdb
c:\users\dell\desktop\机器人控制系统与程序技术文档\机器人控制程序源代码\tendonrobot\tendonrobot\debug\robot.obj
c:\users\dell\desktop\机器人控制系统与程序技术文档\机器人控制程序源代码\tendonrobot\tendonrobot\debug\tendonrobot.obj
c:\users\dell\desktop\机器人控制系统与程序技术文档\机器人控制程序源代码\tendonrobot\tendonrobot\debug\tendonrobotdlg.obj
g:\机器人控制系统与程序技术文档（最初正确版）\机器人控制程序源代码\tendonrobot\tendonrobot\debug\tendonrobot.pch
g:\机器人控制系统与程序技术文档（最初正确版）\机器人控制程序源代码\tendonrobot\tendonrobot\debug\stdafx.obj
g:\机器人控制系统与程序技术文档（最初正确版）\机器人控制程序源代码\tendonrobot\tendonrobot\debug\vc100.pdb
g:\机器人控制系统与程序技术文档（最初正确版）\机器人控制程序源代码\tendonrobot\tendonrobot\debug\tendonrobot.obj
c:\users\administrator\desktop\机器人控制系统与程序技术文档（最初正确版）\机器人控制程序源代码\tendonrobot\tendonrobot\debug\tendonrobot.pch
c:\users\administrator\desktop\机器人控制系统与程序技术文档（最初正确版）\机器人控制程序源代码\tendonrobot\tendonrobot\debug\stdafx.obj
c:\users\administrator\desktop\机器人控制系统与程序技术文档（最初正确版）\机器人控制程序源代码\tendonrobot\tendonrobot\debug\vc100.pdb
c:\users\administrator\desktop\机器人控制系统与程序技术文档（最初正确版）\机器人控制程序源代码\tendonrobot\tendonrobot\debug\robot.obj
c:\users\administrator\desktop\机器人控制系统与程序技术文档（最初正确版）\机器人控制程序源代码\tendonrobot\tendonrobot\debug\tendonrobot.obj
c:\users\administrator\desktop\机器人控制系统与程序技术文档（最初正确版）\机器人控制程序源代码\tendonrobot\tendonrobot\debug\tendonrobotdlg.obj
c:\users\administrator\desktop\新建文件夹\机器人控制系统与程序技术文档（最初正确版）\机器人控制程序源代码\tendonrobot\tendonrobot\debug\tendonrobot.pch
c:\users\administrator\desktop\新建文件夹\机器人控制系统与程序技术文档（最初正确版）\机器人控制程序源代码\tendonrobot\tendonrobot\debug\stdafx.obj
c:\users\administrator\desktop\新建文件夹\机器人控制系统与程序技术文档（最初正确版）\机器人控制程序源代码\tendonrobot\tendonrobot\debug\vc100.pdb
c:\users\administrator\desktop\新建文件夹\机器人控制系统与程序技术文档（最初正确版）\机器人控制程序源代码\tendonrobot\tendonrobot\debug\tendonrobot.obj
c:\users\lenovo\desktop\机器人控制系统与程序技术文档（最初正确版）\机器人控制程序源代码\tendonrobot\tendonrobot\debug\tendonrobot.pch
c:\users\lenovo\desktop\机器人控制系统与程序技术文档（最初正确版）\机器人控制程序源代码\tendonrobot\tendonrobot\debug\stdafx.obj
c:\users\lenovo\desktop\机器人控制系统与程序技术文档（最初正确版）\机器人控制程序源代码\tendonrobot\tendonrobot\debug\vc100.pdb
c:\users\lenovo\desktop\机器人控制系统与程序技术文档（最初正确版）\机器人控制程序源代码\tendonrobot\tendonrobot\debug\robot.obj
c:\users\lenovo\desktop\机器人控制系统与程序技术文档（最初正确版）\机器人控制程序源代码\tendonrobot\tendonrobot\debug\tendonrobot.obj
c:\users\lenovo\desktop\机器人控制系统与程序技术文档（最初正确版）\机器人控制程序源代码\tendonrobot\tendonrobot\debug\tendonrobotdlg.obj
c:\users\lenovo\desktop\机器人控制系统与程序技术文档（最初正确版）\机器人控制程序源代码\tendonrobot\tendonrobot\debug\mscomm1.obj
c:\users\dell\desktop\tendonrobot\debug\tendonrobot.ilk
c:\users\dell\desktop\tendonrobot\debug\tendonrobot.exe
c:\users\dell\desktop\tendonrobot\tendonrobot\debug\tendonrobot.exe.intermediate.manifest
c:\users\dell\desktop\tendonrobot\debug\tendonrobot.pdb
c:\users\dell\desktop\机器人控制系统与程序技术文档\机器人控制程序源代码\tendonrobot\debug\tendonrobot.ilk
c:\users\dell\desktop\机器人控制系统与程序技术文档\机器人控制程序源代码\tendonrobot\debug\tendonrobot.exe
c:\users\dell\desktop\机器人控制系统与程序技术文档\机器人控制程序源代码\tendonrobot\tendonrobot\debug\tendonrobot.exe.intermediate.manifest
c:\users\dell\desktop\机器人控制系统与程序技术文档\机器人控制程序源代码\tendonrobot\debug\tendonrobot.pdb
c:\users\administrator\desktop\机器人控制系统与程序技术文档（最初正确版）\机器人控制程序源代码\tendonrobot\debug\tendonrobot.ilk
c:\users\administrator\desktop\机器人控制系统与程序技术文档（最初正确版）\机器人控制程序源代码\tendonrobot\debug\tendonrobot.exe
c:\users\administrator\desktop\机器人控制系统与程序技术文档（最初正确版）\机器人控制程序源代码\tendonrobot\tendonrobot\debug\tendonrobot.exe.intermediate.manifest
c:\users\administrator\desktop\机器人控制系统与程序技术文档（最初正确版）\机器人控制程序源代码\tendonrobot\debug\tendonrobot.pdb
c:\users\lenovo\desktop\机器人控制系统与程序技术文档（最初正确版）\机器人控制程序源代码\tendonrobot\debug\tendonrobot.ilk
c:\users\lenovo\desktop\机器人控制系统与程序技术文档（最初正确版）\机器人控制程序源代码\tendonrobot\debug\tendonrobot.exe
c:\users\lenovo\desktop\机器人控制系统与程序技术文档（最初正确版）\机器人控制程序源代码\tendonrobot\tendonrobot\debug\tendonrobot.exe.intermediate.manifest
c:\users\lenovo\desktop\机器人控制系统与程序技术文档（最初正确版）\机器人控制程序源代码\tendonrobot\debug\tendonrobot.pdb
c:\users\dell\desktop\tendonrobot\tendonrobot\debug\tendonrobot.exe.embed.manifest
c:\users\dell\desktop\tendonrobot\tendonrobot\debug\tendonrobot.exe.embed.manifest.res
c:\users\dell\desktop\tendonrobot\tendonrobot\debug\tendonrobot.res
c:\users\dell\desktop\机器人控制系统与程序技术文档\机器人控制程序源代码\tendonrobot\tendonrobot\debug\tendonrobot.exe.embed.manifest.res
c:\users\administrator\desktop\机器人控制系统与程序技术文档（最初正确版）\机器人控制程序源代码\tendonrobot\tendonrobot\debug\tendonrobot.res
c:\users\administrator\desktop\机器人控制系统与程序技术文档（最初正确版）\机器人控制程序源代码\tendonrobot\tendonrobot\debug\tendonrobot.exe.embed.manifest.res
c:\users\lenovo\desktop\机器人控制系统与程序技术文档（最初正确版）\机器人控制程序源代码\tendonrobot\tendonrobot\debug\tendonrobot.exe.embed.manifest.res
c:\users\lenovo\desktop\机器人控制系统与程序技术文档（最初正确版）\机器人控制程序源代码\tendonrobot\tendonrobot\debug\tendonrobot.res
d:\bachelor_program\毕业设计\机器人控制程序\机器人控制程序源代码（毕业设计）\tendonrobot\tendonrobot\debug\tendonrobot.vcxprojresolveassemblyreference.cache
d:\bachelor_program\毕业设计\机器人控制程序\机器人控制程序源代码（毕业设计）\tendonrobot\tendonrobot\debug\mscomm1.obj
d:\bachelor_program\毕业设计\机器人控制程序\机器人控制程序源代码（毕业设计）\tendonrobot\tendonrobot\debug\robot.obj
d:\bachelor_program\毕业设计\机器人控制程序\机器人控制程序源代码（毕业设计）\tendonrobot\tendonrobot\debug\stdafx.obj
d:\bachelor_program\毕业设计\机器人控制程序\机器人控制程序源代码（毕业设计）\tendonrobot\tendonrobot\debug\tendonrobot.obj
d:\bachelor_program\毕业设计\机器人控制程序\机器人控制程序源代码（毕业设计）\tendonrobot\tendonrobot\debug\tendonrobotdlg.obj
d:\bachelor_program\毕业设计\机器人控制程序\机器人控制程序源代码（毕业设计）\tendonrobot\tendonrobot\debug\cl.command.1.tlog
d:\bachelor_program\毕业设计\机器人控制程序\机器人控制程序源代码（毕业设计）\tendonrobot\tendonrobot\debug\cl.read.1.tlog
d:\bachelor_program\毕业设计\机器人控制程序\机器人控制程序源代码（毕业设计）\tendonrobot\tendonrobot\debug\cl.write.1.tlog
d:\bachelor_program\毕业设计\机器人控制程序\机器人控制程序源代码（毕业设计）\tendonrobot\tendonrobot\debug\link-cvtres.read.1.tlog
d:\bachelor_program\毕业设计\机器人控制程序\机器人控制程序源代码（毕业设计）\tendonrobot\tendonrobot\debug\link-cvtres.write.1.tlog
d:\bachelor_program\毕业设计\机器人控制程序\机器人控制程序源代码（毕业设计）\tendonrobot\tendonrobot\debug\link.10056-cvtres.read.1.tlog
d:\bachelor_program\毕业设计\机器人控制程序\机器人控制程序源代码（毕业设计）\tendonrobot\tendonrobot\debug\link.10056-cvtres.write.1.tlog
d:\bachelor_program\毕业设计\机器人控制程序\机器人控制程序源代码（毕业设计）\tendonrobot\tendonrobot\debug\link.10056.read.1.tlog
d:\bachelor_program\毕业设计\机器人控制程序\机器人控制程序源代码（毕业设计）\tendonrobot\tendonrobot\debug\link.10056.write.1.tlog
d:\bachelor_program\毕业设计\机器人控制程序\机器人控制程序源代码（毕业设计）\tendonrobot\tendonrobot\debug\link.10204-cvtres.read.1.tlog
d:\bachelor_program\毕业设计\机器人控制程序\机器人控制程序源代码（毕业设计）\tendonrobot\tendonrobot\debug\link.10204-cvtres.write.1.tlog
d:\bachelor_program\毕业设计\机器人控制程序\机器人控制程序源代码（毕业设计）\tendonrobot\tendonrobot\debug\link.10204.read.1.tlog
d:\bachelor_program\毕业设计\机器人控制程序\机器人控制程序源代码（毕业设计）\tendonrobot\tendonrobot\debug\link.10204.write.1.tlog
d:\bachelor_program\毕业设计\机器人控制程序\机器人控制程序源代码（毕业设计）\tendonrobot\tendonrobot\debug\link.10320-cvtres.read.1.tlog
d:\bachelor_program\毕业设计\机器人控制程序\机器人控制程序源代码（毕业设计）\tendonrobot\tendonrobot\debug\link.10320-cvtres.write.1.tlog
d:\bachelor_program\毕业设计\机器人控制程序\机器人控制程序源代码（毕业设计）\tendonrobot\tendonrobot\debug\link.10320.read.1.tlog
d:\bachelor_program\毕业设计\机器人控制程序\机器人控制程序源代码（毕业设计）\tendonrobot\tendonrobot\debug\link.10320.write.1.tlog
d:\bachelor_program\毕业设计\机器人控制程序\机器人控制程序源代码（毕业设计）\tendonrobot\tendonrobot\debug\link.10928-cvtres.read.1.tlog
d:\bachelor_program\毕业设计\机器人控制程序\机器人控制程序源代码（毕业设计）\tendonrobot\tendonrobot\debug\link.10928-cvtres.write.1.tlog
d:\bachelor_program\毕业设计\机器人控制程序\机器人控制程序源代码（毕业设计）\tendonrobot\tendonrobot\debug\link.10928.read.1.tlog
d:\bachelor_program\毕业设计\机器人控制程序\机器人控制程序源代码（毕业设计）\tendonrobot\tendonrobot\debug\link.10928.write.1.tlog
d:\bachelor_program\毕业设计\机器人控制程序\机器人控制程序源代码（毕业设计）\tendonrobot\tendonrobot\debug\link.13148-cvtres.read.1.tlog
d:\bachelor_program\毕业设计\机器人控制程序\机器人控制程序源代码（毕业设计）\tendonrobot\tendonrobot\debug\link.13148-cvtres.write.1.tlog
d:\bachelor_program\毕业设计\机器人控制程序\机器人控制程序源代码（毕业设计）\tendonrobot\tendonrobot\debug\link.13148.read.1.tlog
d:\bachelor_program\毕业设计\机器人控制程序\机器人控制程序源代码（毕业设计）\tendonrobot\tendonrobot\debug\link.13148.write.1.tlog
d:\bachelor_program\毕业设计\机器人控制程序\机器人控制程序源代码（毕业设计）\tendonrobot\tendonrobot\debug\link.13724-cvtres.read.1.tlog
d:\bachelor_program\毕业设计\机器人控制程序\机器人控制程序源代码（毕业设计）\tendonrobot\tendonrobot\debug\link.13724-cvtres.write.1.tlog
d:\bachelor_program\毕业设计\机器人控制程序\机器人控制程序源代码（毕业设计）\tendonrobot\tendonrobot\debug\link.13724.read.1.tlog
d:\bachelor_program\毕业设计\机器人控制程序\机器人控制程序源代码（毕业设计）\tendonrobot\tendonrobot\debug\link.13724.write.1.tlog
d:\bachelor_program\毕业设计\机器人控制程序\机器人控制程序源代码（毕业设计）\tendonrobot\tendonrobot\debug\link.14532-cvtres.read.1.tlog
d:\bachelor_program\毕业设计\机器人控制程序\机器人控制程序源代码（毕业设计）\tendonrobot\tendonrobot\debug\link.14532-cvtres.write.1.tlog
d:\bachelor_program\毕业设计\机器人控制程序\机器人控制程序源代码（毕业设计）\tendonrobot\tendonrobot\debug\link.14532.read.1.tlog
d:\bachelor_program\毕业设计\机器人控制程序\机器人控制程序源代码（毕业设计）\tendonrobot\tendonrobot\debug\link.14532.write.1.tlog
d:\bachelor_program\毕业设计\机器人控制程序\机器人控制程序源代码（毕业设计）\tendonrobot\tendonrobot\debug\link.17704-cvtres.read.1.tlog
d:\bachelor_program\毕业设计\机器人控制程序\机器人控制程序源代码（毕业设计）\tendonrobot\tendonrobot\debug\link.17704-cvtres.write.1.tlog
d:\bachelor_program\毕业设计\机器人控制程序\机器人控制程序源代码（毕业设计）\tendonrobot\tendonrobot\debug\link.17704.read.1.tlog
d:\bachelor_program\毕业设计\机器人控制程序\机器人控制程序源代码（毕业设计）\tendonrobot\tendonrobot\debug\link.17704.write.1.tlog
d:\bachelor_program\毕业设计\机器人控制程序\机器人控制程序源代码（毕业设计）\tendonrobot\tendonrobot\debug\link.3784-cvtres.read.1.tlog
d:\bachelor_program\毕业设计\机器人控制程序\机器人控制程序源代码（毕业设计）\tendonrobot\tendonrobot\debug\link.3784-cvtres.write.1.tlog
d:\bachelor_program\毕业设计\机器人控制程序\机器人控制程序源代码（毕业设计）\tendonrobot\tendonrobot\debug\link.3784.read.1.tlog
d:\bachelor_program\毕业设计\机器人控制程序\机器人控制程序源代码（毕业设计）\tendonrobot\tendonrobot\debug\link.3784.write.1.tlog
d:\bachelor_program\毕业设计\机器人控制程序\机器人控制程序源代码（毕业设计）\tendonrobot\tendonrobot\debug\link.4792-cvtres.read.1.tlog
d:\bachelor_program\毕业设计\机器人控制程序\机器人控制程序源代码（毕业设计）\tendonrobot\tendonrobot\debug\link.4792-cvtres.write.1.tlog
d:\bachelor_program\毕业设计\机器人控制程序\机器人控制程序源代码（毕业设计）\tendonrobot\tendonrobot\debug\link.4792.read.1.tlog
d:\bachelor_program\毕业设计\机器人控制程序\机器人控制程序源代码（毕业设计）\tendonrobot\tendonrobot\debug\link.4792.write.1.tlog
d:\bachelor_program\毕业设计\机器人控制程序\机器人控制程序源代码（毕业设计）\tendonrobot\tendonrobot\debug\link.5248-cvtres.read.1.tlog
d:\bachelor_program\毕业设计\机器人控制程序\机器人控制程序源代码（毕业设计）\tendonrobot\tendonrobot\debug\link.5248-cvtres.write.1.tlog
d:\bachelor_program\毕业设计\机器人控制程序\机器人控制程序源代码（毕业设计）\tendonrobot\tendonrobot\debug\link.5248.read.1.tlog
d:\bachelor_program\毕业设计\机器人控制程序\机器人控制程序源代码（毕业设计）\tendonrobot\tendonrobot\debug\link.5248.write.1.tlog
d:\bachelor_program\毕业设计\机器人控制程序\机器人控制程序源代码（毕业设计）\tendonrobot\tendonrobot\debug\link.5316-cvtres.read.1.tlog
d:\bachelor_program\毕业设计\机器人控制程序\机器人控制程序源代码（毕业设计）\tendonrobot\tendonrobot\debug\link.5316-cvtres.write.1.tlog
d:\bachelor_program\毕业设计\机器人控制程序\机器人控制程序源代码（毕业设计）\tendonrobot\tendonrobot\debug\link.5316.read.1.tlog
d:\bachelor_program\毕业设计\机器人控制程序\机器人控制程序源代码（毕业设计）\tendonrobot\tendonrobot\debug\link.5316.write.1.tlog
d:\bachelor_program\毕业设计\机器人控制程序\机器人控制程序源代码（毕业设计）\tendonrobot\tendonrobot\debug\link.8924-cvtres.read.1.tlog
d:\bachelor_program\毕业设计\机器人控制程序\机器人控制程序源代码（毕业设计）\tendonrobot\tendonrobot\debug\link.8924-cvtres.write.1.tlog
d:\bachelor_program\毕业设计\机器人控制程序\机器人控制程序源代码（毕业设计）\tendonrobot\tendonrobot\debug\link.8924.read.1.tlog
d:\bachelor_program\毕业设计\机器人控制程序\机器人控制程序源代码（毕业设计）\tendonrobot\tendonrobot\debug\link.8924.write.1.tlog
d:\bachelor_program\毕业设计\机器人控制程序\机器人控制程序源代码（毕业设计）\tendonrobot\tendonrobot\debug\link.9108-cvtres.read.1.tlog
d:\bachelor_program\毕业设计\机器人控制程序\机器人控制程序源代码（毕业设计）\tendonrobot\tendonrobot\debug\link.9108-cvtres.write.1.tlog
d:\bachelor_program\毕业设计\机器人控制程序\机器人控制程序源代码（毕业设计）\tendonrobot\tendonrobot\debug\link.9108.read.1.tlog
d:\bachelor_program\毕业设计\机器人控制程序\机器人控制程序源代码（毕业设计）\tendonrobot\tendonrobot\debug\link.9108.write.1.tlog
d:\bachelor_program\毕业设计\机器人控制程序\机器人控制程序源代码（毕业设计）\tendonrobot\tendonrobot\debug\link.944-cvtres.read.1.tlog
d:\bachelor_program\毕业设计\机器人控制程序\机器人控制程序源代码（毕业设计）\tendonrobot\tendonrobot\debug\link.944-cvtres.write.1.tlog
d:\bachelor_program\毕业设计\机器人控制程序\机器人控制程序源代码（毕业设计）\tendonrobot\tendonrobot\debug\link.944.read.1.tlog
d:\bachelor_program\毕业设计\机器人控制程序\机器人控制程序源代码（毕业设计）\tendonrobot\tendonrobot\debug\link.944.write.1.tlog
d:\bachelor_program\毕业设计\机器人控制程序\机器人控制程序源代码（毕业设计）\tendonrobot\tendonrobot\debug\link.948-cvtres.read.1.tlog
d:\bachelor_program\毕业设计\机器人控制程序\机器人控制程序源代码（毕业设计）\tendonrobot\tendonrobot\debug\link.948-cvtres.write.1.tlog
d:\bachelor_program\毕业设计\机器人控制程序\机器人控制程序源代码（毕业设计）\tendonrobot\tendonrobot\debug\link.948.read.1.tlog
d:\bachelor_program\毕业设计\机器人控制程序\机器人控制程序源代码（毕业设计）\tendonrobot\tendonrobot\debug\link.948.write.1.tlog
d:\bachelor_program\毕业设计\机器人控制程序\机器人控制程序源代码（毕业设计）\tendonrobot\tendonrobot\debug\link.command.1.tlog
d:\bachelor_program\毕业设计\机器人控制程序\机器人控制程序源代码（毕业设计）\tendonrobot\tendonrobot\debug\link.read.1.tlog
d:\bachelor_program\毕业设计\机器人控制程序\机器人控制程序源代码（毕业设计）\tendonrobot\tendonrobot\debug\link.write.1.tlog
d:\bachelor_program\毕业设计\机器人控制程序\机器人控制程序源代码（毕业设计）\tendonrobot\tendonrobot\debug\mt.command.1.tlog
d:\bachelor_program\毕业设计\机器人控制程序\机器人控制程序源代码（毕业设计）\tendonrobot\tendonrobot\debug\mt.read.1.tlog
d:\bachelor_program\毕业设计\机器人控制程序\机器人控制程序源代码（毕业设计）\tendonrobot\tendonrobot\debug\mt.write.1.tlog
d:\bachelor_program\毕业设计\机器人控制程序\机器人控制程序源代码（毕业设计）\tendonrobot\tendonrobot\debug\rc.command.1.tlog
d:\bachelor_program\毕业设计\机器人控制程序\机器人控制程序源代码（毕业设计）\tendonrobot\tendonrobot\debug\rc.read.1.tlog
d:\bachelor_program\毕业设计\机器人控制程序\机器人控制程序源代码（毕业设计）\tendonrobot\tendonrobot\debug\rc.write.1.tlog
d:\bachelor_program\毕业设计\机器人控制程序\机器人控制程序源代码（毕业设计）\tendonrobot\tendonrobot\debug\tendonrobot.write.1.tlog
d:\bachelor_program\毕业设计\机器人控制程序\机器人控制程序源代码（毕业设计）\tendonrobot\tendonrobot\debug\tendonrobot.exe.embed.manifest
d:\bachelor_program\毕业设计\机器人控制程序\机器人控制程序源代码（毕业设计）\tendonrobot\tendonrobot\debug\tendonrobot.exe.intermediate.manifest
d:\bachelor_program\毕业设计\机器人控制程序\机器人控制程序源代码（毕业设计）\tendonrobot\tendonrobot\debug\tendonrobot.exe.embed.manifest.res
d:\bachelor_program\毕业设计\机器人控制程序\机器人控制程序源代码（毕业设计）\tendonrobot\tendonrobot\debug\tendonrobot.res
d:\bachelor_program\毕业设计\机器人控制程序\机器人控制程序源代码（毕业设计）\tendonrobot\tendonrobot\debug\tendonrobot.pch
d:\bachelor_program\毕业设计\机器人控制程序\机器人控制程序源代码（毕业设计）\tendonrobot\tendonrobot\debug\vc100.idb
d:\bachelor_program\毕业设计\机器人控制程序\机器人控制程序源代码（毕业设计）\tendonrobot\tendonrobot\debug\vc100.pdb
d:\bachelor_program\毕业设计\机器人控制程序\机器人控制程序源代码（毕业设计）\tendonrobot\tendonrobot\debug\tendonrobot_manifest.rc
d:\bachelor_program\毕业设计\机器人控制程序\机器人控制程序源代码（毕业设计）\tendonrobot\debug\tendonrobot.pdb
d:\bachelor_program\毕业设计\机器人控制程序\机器人控制程序源代码（毕业设计）\tendonrobot\debug\tendonrobot.exe
d:\bachelor_program\毕业设计\机器人控制程序\机器人控制程序源代码（毕业设计）\tendonrobot\debug\tendonrobot.ilk
